ARM GAS  /tmp/ccbMz9Gi.s 			page 1


   1              		.cpu cortex-m0
   2              		.eabi_attribute 20, 1
   3              		.eabi_attribute 21, 1
   4              		.eabi_attribute 23, 3
   5              		.eabi_attribute 24, 1
   6              		.eabi_attribute 25, 1
   7              		.eabi_attribute 26, 1
   8              		.eabi_attribute 30, 1
   9              		.eabi_attribute 34, 0
  10              		.eabi_attribute 18, 4
  11              		.file	"usb_device.c"
  12              		.text
  13              	.Ltext0:
  14              		.cfi_sections	.debug_frame
  15              		.section	.text.MX_USB_HID_INIT,"ax",%progbits
  16              		.align	1
  17              		.global	MX_USB_HID_INIT
  18              		.arch armv6s-m
  19              		.syntax unified
  20              		.code	16
  21              		.thumb_func
  22              		.fpu softvfp
  24              	MX_USB_HID_INIT:
  25              	.LFB43:
  26              		.file 1 "Core/Src/usb_device.c"
   1:Core/Src/usb_device.c **** /**
   2:Core/Src/usb_device.c ****   ******************************************************************************
   3:Core/Src/usb_device.c ****   * @file           : usb_device.c
   4:Core/Src/usb_device.c ****   * @version        : v2.0_Cube
   5:Core/Src/usb_device.c ****   * @brief          : This file implements the USB Device
   6:Core/Src/usb_device.c ****   ******************************************************************************
   7:Core/Src/usb_device.c ****   * This notice applies to any and all portions of this file
   8:Core/Src/usb_device.c ****   * that are not between comment pairs USER CODE BEGIN and
   9:Core/Src/usb_device.c ****   * USER CODE END. Other portions of this file, whether
  10:Core/Src/usb_device.c ****   * inserted by the user or by software development tools
  11:Core/Src/usb_device.c ****   * are owned by their respective copyright owners.
  12:Core/Src/usb_device.c ****   *
  13:Core/Src/usb_device.c ****   * Copyright (c) 2018 STMicroelectronics International N.V.
  14:Core/Src/usb_device.c ****   * All rights reserved.
  15:Core/Src/usb_device.c ****   *
  16:Core/Src/usb_device.c ****   * Redistribution and use in source and binary forms, with or without
  17:Core/Src/usb_device.c ****   * modification, are permitted, provided that the following conditions are met:
  18:Core/Src/usb_device.c ****   *
  19:Core/Src/usb_device.c ****   * 1. Redistribution of source code must retain the above copyright notice,
  20:Core/Src/usb_device.c ****   *    this list of conditions and the following disclaimer.
  21:Core/Src/usb_device.c ****   * 2. Redistributions in binary form must reproduce the above copyright notice,
  22:Core/Src/usb_device.c ****   *    this list of conditions and the following disclaimer in the documentation
  23:Core/Src/usb_device.c ****   *    and/or other materials provided with the distribution.
  24:Core/Src/usb_device.c ****   * 3. Neither the name of STMicroelectronics nor the names of other
  25:Core/Src/usb_device.c ****   *    contributors to this software may be used to endorse or promote products
  26:Core/Src/usb_device.c ****   *    derived from this software without specific written permission.
  27:Core/Src/usb_device.c ****   * 4. This software, including modifications and/or derivative works of this
  28:Core/Src/usb_device.c ****   *    software, must execute solely and exclusively on microcontroller or
  29:Core/Src/usb_device.c ****   *    microprocessor devices manufactured by or for STMicroelectronics.
  30:Core/Src/usb_device.c ****   * 5. Redistribution and use of this software other than as permitted under
  31:Core/Src/usb_device.c ****   *    this license is void and will automatically terminate your rights under
  32:Core/Src/usb_device.c ****   *    this license.
ARM GAS  /tmp/ccbMz9Gi.s 			page 2


  33:Core/Src/usb_device.c ****   *
  34:Core/Src/usb_device.c ****   * THIS SOFTWARE IS PROVIDED BY STMICROELECTRONICS AND CONTRIBUTORS "AS IS"
  35:Core/Src/usb_device.c ****   * AND ANY EXPRESS, IMPLIED OR STATUTORY WARRANTIES, INCLUDING, BUT NOT
  36:Core/Src/usb_device.c ****   * LIMITED TO, THE IMPLIED WARRANTIES OF MERCHANTABILITY, FITNESS FOR A
  37:Core/Src/usb_device.c ****   * PARTICULAR PURPOSE AND NON-INFRINGEMENT OF THIRD PARTY INTELLECTUAL PROPERTY
  38:Core/Src/usb_device.c ****   * RIGHTS ARE DISCLAIMED TO THE FULLEST EXTENT PERMITTED BY LAW. IN NO EVENT
  39:Core/Src/usb_device.c ****   * SHALL STMICROELECTRONICS OR CONTRIBUTORS BE LIABLE FOR ANY DIRECT, INDIRECT,
  40:Core/Src/usb_device.c ****   * INCIDENTAL, SPECIAL, EXEMPLARY, OR CONSEQUENTIAL DAMAGES (INCLUDING, BUT NOT
  41:Core/Src/usb_device.c ****   * LIMITED TO, PROCUREMENT OF SUBSTITUTE GOODS OR SERVICES; LOSS OF USE, DATA,
  42:Core/Src/usb_device.c ****   * OR PROFITS; OR BUSINESS INTERRUPTION) HOWEVER CAUSED AND ON ANY THEORY OF
  43:Core/Src/usb_device.c ****   * LIABILITY, WHETHER IN CONTRACT, STRICT LIABILITY, OR TORT (INCLUDING
  44:Core/Src/usb_device.c ****   * NEGLIGENCE OR OTHERWISE) ARISING IN ANY WAY OUT OF THE USE OF THIS SOFTWARE,
  45:Core/Src/usb_device.c ****   * EVEN IF ADVISED OF THE POSSIBILITY OF SUCH DAMAGE.
  46:Core/Src/usb_device.c ****   *
  47:Core/Src/usb_device.c ****   ******************************************************************************
  48:Core/Src/usb_device.c ****   */
  49:Core/Src/usb_device.c **** 
  50:Core/Src/usb_device.c **** /* Includes ------------------------------------------------------------------*/
  51:Core/Src/usb_device.c **** 
  52:Core/Src/usb_device.c **** #include "usb_device.h"
  53:Core/Src/usb_device.c **** #include "usbd_core.h"
  54:Core/Src/usb_device.c **** #include "usbd_desc.h"
  55:Core/Src/usb_device.c **** 
  56:Core/Src/usb_device.c **** /* USER CODE BEGIN Includes */
  57:Core/Src/usb_device.c **** #include "usbd_hid.h"
  58:Core/Src/usb_device.c **** 
  59:Core/Src/usb_device.c **** /* USER CODE END Includes */
  60:Core/Src/usb_device.c **** 
  61:Core/Src/usb_device.c **** /* USER CODE BEGIN PV */
  62:Core/Src/usb_device.c **** /* Private variables ---------------------------------------------------------*/
  63:Core/Src/usb_device.c **** 
  64:Core/Src/usb_device.c **** /* USER CODE END PV */
  65:Core/Src/usb_device.c **** 
  66:Core/Src/usb_device.c **** /* USER CODE BEGIN PFP */
  67:Core/Src/usb_device.c **** /* Private function prototypes -----------------------------------------------*/
  68:Core/Src/usb_device.c **** 
  69:Core/Src/usb_device.c **** /* USER CODE END PFP */
  70:Core/Src/usb_device.c **** 
  71:Core/Src/usb_device.c **** /* USB Device Core handle declaration. */
  72:Core/Src/usb_device.c **** USBD_HandleTypeDef hUsbDeviceFS;
  73:Core/Src/usb_device.c **** 
  74:Core/Src/usb_device.c **** /*
  75:Core/Src/usb_device.c ****  * -- Insert your variables declaration here --
  76:Core/Src/usb_device.c ****  */
  77:Core/Src/usb_device.c **** /* USER CODE BEGIN 0 */
  78:Core/Src/usb_device.c **** 
  79:Core/Src/usb_device.c **** /* USER CODE END 0 */
  80:Core/Src/usb_device.c **** 
  81:Core/Src/usb_device.c **** /*
  82:Core/Src/usb_device.c ****  * -- Insert your external function declaration here --
  83:Core/Src/usb_device.c ****  */
  84:Core/Src/usb_device.c **** /* USER CODE BEGIN 1 */
  85:Core/Src/usb_device.c **** 
  86:Core/Src/usb_device.c **** void MX_USB_HID_INIT(void)
  87:Core/Src/usb_device.c **** {
  27              		.loc 1 87 1 view -0
  28              		.cfi_startproc
ARM GAS  /tmp/ccbMz9Gi.s 			page 3


  29              		@ args = 0, pretend = 0, frame = 0
  30              		@ frame_needed = 0, uses_anonymous_args = 0
  31 0000 10B5     		push	{r4, lr}
  32              	.LCFI0:
  33              		.cfi_def_cfa_offset 8
  34              		.cfi_offset 4, -8
  35              		.cfi_offset 14, -4
  88:Core/Src/usb_device.c ****   USBD_Init(&hUsbDeviceFS, &FS_Desc, DEVICE_FS);
  36              		.loc 1 88 3 view .LVU1
  37 0002 074C     		ldr	r4, .L2
  38 0004 0022     		movs	r2, #0
  39 0006 0749     		ldr	r1, .L2+4
  40 0008 2000     		movs	r0, r4
  41 000a FFF7FEFF 		bl	USBD_Init
  42              	.LVL0:
  89:Core/Src/usb_device.c **** 
  90:Core/Src/usb_device.c ****   USBD_RegisterClass(&hUsbDeviceFS, &USBD_HID);
  43              		.loc 1 90 3 view .LVU2
  44 000e 0649     		ldr	r1, .L2+8
  45 0010 2000     		movs	r0, r4
  46 0012 FFF7FEFF 		bl	USBD_RegisterClass
  47              	.LVL1:
  91:Core/Src/usb_device.c **** 
  92:Core/Src/usb_device.c ****   USBD_Start(&hUsbDeviceFS);
  48              		.loc 1 92 3 view .LVU3
  49 0016 2000     		movs	r0, r4
  50 0018 FFF7FEFF 		bl	USBD_Start
  51              	.LVL2:
  93:Core/Src/usb_device.c **** }
  52              		.loc 1 93 1 is_stmt 0 view .LVU4
  53              		@ sp needed
  54 001c 10BD     		pop	{r4, pc}
  55              	.L3:
  56 001e C046     		.align	2
  57              	.L2:
  58 0020 00000000 		.word	hUsbDeviceFS
  59 0024 00000000 		.word	FS_Desc
  60 0028 00000000 		.word	USBD_HID
  61              		.cfi_endproc
  62              	.LFE43:
  64              		.comm	hUsbDeviceFS,548,4
  65              		.text
  66              	.Letext0:
  67              		.file 2 "/usr/lib/gcc/arm-none-eabi/9.2.1/include/stdint.h"
  68              		.file 3 "Drivers/CMSIS/Device/ST/STM32F0xx/Include/system_stm32f0xx.h"
  69              		.file 4 "Drivers/STM32F0xx_HAL_Driver/Inc/stm32f0xx_hal.h"
  70              		.file 5 "/usr/lib/gcc/arm-none-eabi/9.2.1/include/stddef.h"
  71              		.file 6 "/usr/include/newlib/sys/_types.h"
  72              		.file 7 "/usr/include/newlib/sys/reent.h"
  73              		.file 8 "/usr/include/newlib/sys/lock.h"
  74              		.file 9 "/usr/include/newlib/stdlib.h"
  75              		.file 10 "Middlewares/ST/STM32_USB_Device_Library/Core/Inc/usbd_def.h"
  76              		.file 11 "Core/Inc/usb_device.h"
  77              		.file 12 "Core/Inc/usbd_desc.h"
  78              		.file 13 "Core/Inc/usbd_hid.h"
  79              		.file 14 "Middlewares/ST/STM32_USB_Device_Library/Core/Inc/usbd_core.h"
ARM GAS  /tmp/ccbMz9Gi.s 			page 4


DEFINED SYMBOLS
                            *ABS*:0000000000000000 usb_device.c
     /tmp/ccbMz9Gi.s:16     .text.MX_USB_HID_INIT:0000000000000000 $t
     /tmp/ccbMz9Gi.s:24     .text.MX_USB_HID_INIT:0000000000000000 MX_USB_HID_INIT
     /tmp/ccbMz9Gi.s:58     .text.MX_USB_HID_INIT:0000000000000020 $d
                            *COM*:0000000000000224 hUsbDeviceFS

UNDEFINED SYMBOLS
USBD_Init
USBD_RegisterClass
USBD_Start
FS_Desc
USBD_HID
